#
# A fatal error has been detected by the Java Runtime Environment:
#
#  EXCEPTION_ACCESS_VIOLATION (0xc0000005) at pc=0x0000000070d64285, pid=6844, tid=9356
#
# JRE version: 6.0_17-b04
# Java VM: Java HotSpot(TM) 64-Bit Server VM (14.3-b01 mixed mode windows-amd64 )
# Problematic frame:
# C  [m_dispatcher.dll+0x4285]
#
# If you would like to submit a bug report, please visit:
#   http://java.sun.com/webapps/bugreport/crash.jsp
# The crash happened outside the Java Virtual Machine in native code.
# See problematic frame for where to report the bug.
#

---------------  T H R E A D  ---------------

Current thread (0x000000000f17b800):  JavaThread "Timer-0" [_thread_in_native, id=9356, stack(0x0000000007f80000,0x0000000008000000)]

siginfo: ExceptionCode=0xc0000005, reading address 0x0000000000000478

Registers:
EAX=0x0000000000000000, EBX=0x0000000000000000, ECX=0x0000000065ac2a70, EDX=0x0000000075aa7648
ESP=0x0000000007ff8f20, EBP=0x0000000007a7ee38, ESI=0x0000000007a7ed90, EDI=0x0000000075aa7648
EIP=0x0000000070d64285, EFLAGS=0x0000000000010202

Top of Stack: (sp=0x0000000007ff8f20)
0x0000000007ff8f20:   0000000000000000 0000000000000000
0x0000000007ff8f30:   0000000000000000 0000000000000000
0x0000000007ff8f40:   0000000075aa7648 0000000070d64259
0x0000000007ff8f50:   0000000065ac2a70 0000000000000000
0x0000000007ff8f60:   0000000000000000 0000000000000000
0x0000000007ff8f70:   0000000000000000 0000000079d28ebf
0x0000000007ff8f80:   0000000007ff9020 000000007506f1b8
0x0000000007ff8f90:   0000000000000000 0000000000000000
0x0000000007ff8fa0:   00000000ae23d1d0 0000000075082023
0x0000000007ff8fb0:   fffffffffffffffe 0000000000000000
0x0000000007ff8fc0:   0000000000000000 00000000753303b8
0x0000000007ff8fd0:   0000000075aa7648 000000007506c088
0x0000000007ff8fe0:   0000000007ff9190 0000000075aa7648
0x0000000007ff8ff0:   0000000079de2a88 000000007506f324
0x0000000007ff9000:   fffffffffffffffe 00000000ae23d1f0
0x0000000007ff9010:   00000000ae23d1d0 0000000007a7ee38 

Instructions: (pc=0x0000000070d64285)
0x0000000070d64275:   89 5c 24 30 48 8b 1d c8 ec 09 00 48 89 7c 24 20
0x0000000070d64285:   48 83 bb 78 04 00 00 00 0f 85 bd 09 03 00 48 8b 


Stack: [0x0000000007f80000,0x0000000008000000],  sp=0x0000000007ff8f20,  free space=483k
Native frames: (J=compiled Java code, j=interpreted, Vv=VM code, C=native code)
C  [m_dispatcher.dll+0x4285]

Java frames: (J=compiled Java code, j=interpreted, Vv=VM code)
j  com.mathworks.jmi.NativeMatlab.PostMatlabMessage(Ljava/lang/Object;J)V+0
j  com.mathworks.jmi.NativeMatlab.postMatlabMessage(Ljava/lang/Object;J)V+3
j  com.mathworks.jmi.NativeMatlab.postMatlabMessage(Ljava/lang/Object;)V+6
j  com.mathworks.jmi.MatlabLooper.postMatlabMessage(Lcom/mathworks/services/message/MWMessage;Lcom/mathworks/services/message/MWHandler;)V+30
j  com.mathworks.jmi.Matlab$2.run()V+13
j  java.util.TimerThread.mainLoop()V+221
j  java.util.TimerThread.run()V+1
v  ~StubRoutines::call_stub

---------------  P R O C E S S  ---------------

Java Threads: ( => current thread )
  0x000000000f7b8000 JavaThread "Inactive RequestProcessor thread [Was:TimedSoftReference/org.openide.util.TimedSoftReference]" daemon [_thread_blocked, id=8736, stack(0x00000000605c0000,0x0000000060640000)]
  0x000000000f7c1000 JavaThread "Timer-144" [_thread_blocked, id=5128, stack(0x0000000028c40000,0x0000000028cc0000)]
  0x000000000f7bc000 JavaThread "pool-8-thread-1" [_thread_blocked, id=7996, stack(0x0000000027a90000,0x0000000027b10000)]
  0x000000000f7b9000 JavaThread "Prefs Updater" daemon [_thread_blocked, id=10096, stack(0x00000000267e0000,0x0000000026860000)]
  0x000000000f7bd000 JavaThread "Active Reference Queue Daemon" daemon [_thread_blocked, id=9768, stack(0x000000005f890000,0x000000005f910000)]
  0x000000000f7bd800 JavaThread "Timer-9" daemon [_thread_blocked, id=7940, stack(0x000000005ddc0000,0x000000005de40000)]
  0x000000000f7be800 JavaThread "Timer-8" daemon [_thread_blocked, id=8240, stack(0x0000000060520000,0x00000000605a0000)]
  0x000000000f7bb800 JavaThread "Explorer NavigationContext request queue" [_thread_blocked, id=9244, stack(0x000000005f9d0000,0x000000005fa50000)]
  0x000000000f7ba000 JavaThread "AddressBar directory emptiness poller" [_thread_blocked, id=6208, stack(0x00000000211c0000,0x0000000021240000)]
  0x000000000f7b8800 JavaThread "Timer-1" [_thread_blocked, id=9300, stack(0x000000004cac0000,0x000000004cb40000)]
  0x000000000f7b7000 JavaThread "TimerQueue" daemon [_thread_blocked, id=1364, stack(0x00000000190b0000,0x0000000019130000)]
  0x000000000f7b6800 JavaThread "AWT-EventQueue-0" [_thread_blocked, id=9196, stack(0x000000000d890000,0x000000000d910000)]
  0x000000000f7b5800 JavaThread "AWT-Shutdown" [_thread_blocked, id=6400, stack(0x0000000014f60000,0x0000000014fe0000)]
  0x000000000fde5000 JavaThread "com.google.common.base.internal.Finalizer" daemon [_thread_blocked, id=5312, stack(0x000000000ee80000,0x000000000ef00000)]
  0x000000000f57d000 JavaThread "AWT-Windows" daemon [_thread_in_native, id=9504, stack(0x000000000e730000,0x000000000e7b0000)]
  0x000000000deb6000 JavaThread "Java2D Disposer" daemon [_thread_blocked, id=6756, stack(0x000000000d790000,0x000000000d810000)]
=>0x000000000f17b800 JavaThread "Timer-0" [_thread_in_native, id=9356, stack(0x0000000007f80000,0x0000000008000000)]
  0x000000000e380000 JavaThread "EventMgr Dispatcher" daemon [_thread_in_native, id=8036, stack(0x0000000010f60000,0x0000000014f60000)]
  0x000000000d5d2800 JavaThread "Low Memory Detector" daemon [_thread_blocked, id=10200, stack(0x000000000d6f0000,0x000000000d770000)]
  0x000000000d5d1000 JavaThread "CompilerThread1" daemon [_thread_blocked, id=1160, stack(0x0000000058ce0000,0x000000005cce0000)]
  0x000000000d5c8000 JavaThread "CompilerThread0" daemon [_thread_blocked, id=2960, stack(0x0000000054c10000,0x0000000058c10000)]
  0x000000000d580800 JavaThread "Attach Listener" daemon [_thread_blocked, id=5436, stack(0x000000000d910000,0x000000000d990000)]
  0x000000000d564000 JavaThread "Finalizer" daemon [_thread_blocked, id=7856, stack(0x000000000d810000,0x000000000d890000)]
  0x000000000d563000 JavaThread "Reference Handler" daemon [_thread_blocked, id=8312, stack(0x0000000008040000,0x00000000080c0000)]
  0x0000000005534000 JavaThread "main" [_thread_in_native, id=6072, stack(0x0000000000200000,0x0000000004200000)]

Other Threads:
  0x00000000055ef800 VMThread [stack: 0x0000000050b60000,0x0000000054b60000] [id=8732]
  0x000000000d5e6000 WatcherThread [stack: 0x0000000060660000,0x0000000064660000] [id=4588]

VM state:not at safepoint (normal execution)

VM Mutex/Monitor currently owned by a thread: None

Heap
 PSYoungGen      total 23488K, used 10625K [0x000000003d5a0000, 0x000000003f1a0000, 0x00000000406a0000)
  eden space 18816K, 38% used [0x000000003d5a0000,0x000000003dcc32f0,0x000000003e800000)
  from space 4672K, 70% used [0x000000003ed10000,0x000000003f04d280,0x000000003f1a0000)
  to   space 4928K, 0% used [0x000000003e800000,0x000000003e800000,0x000000003ecd0000)
 PSOldGen        total 100544K, used 97338K [0x00000000342a0000, 0x000000003a4d0000, 0x000000003d5a0000)
  object space 100544K, 96% used [0x00000000342a0000,0x000000003a1aea28,0x000000003a4d0000)
 PSPermGen       total 123520K, used 66217K [0x000000002c2a0000, 0x0000000033b40000, 0x00000000342a0000)
  object space 123520K, 53% used [0x000000002c2a0000,0x000000003034a6f8,0x0000000033b40000)

Dynamic libraries:
0x000000013ff70000 - 0x000000013ffa2000 	D:\program_soft\matlab2012a\bin\win64\MATLAB.exe
0x0000000077520000 - 0x00000000776c9000 	C:\Windows\SYSTEM32\ntdll.dll
0x0000000077400000 - 0x000000007751f000 	C:\Windows\system32\kernel32.dll
0x000007fefd5c0000 - 0x000007fefd62c000 	C:\Windows\system32\KERNELBASE.dll
0x0000000074460000 - 0x0000000074554000 	D:\program_soft\matlab2012a\bin\win64\libut.dll
0x00000000758a0000 - 0x0000000075952000 	D:\program_soft\matlab2012a\bin\win64\libmwi18n.dll
0x0000000180000000 - 0x000000018000b000 	D:\program_soft\matlab2012a\bin\win64\libmwresource_core.dll
0x00000000712e0000 - 0x00000000713b3000 	C:\Windows\WinSxS\amd64_microsoft.vc90.crt_1fc8b3b9a1e18e3b_9.0.30729.5570_none_08e72cf3a83ac624\MSVCP90.dll
0x00000000713c0000 - 0x0000000071463000 	C:\Windows\WinSxS\amd64_microsoft.vc90.crt_1fc8b3b9a1e18e3b_9.0.30729.5570_none_08e72cf3a83ac624\MSVCR90.dll
0x000000007a170000 - 0x000000007a19c000 	D:\program_soft\matlab2012a\bin\win64\boost_filesystem-vc90-mt-1_44.dll
0x000000007a560000 - 0x000000007a569000 	D:\program_soft\matlab2012a\bin\win64\boost_system-vc90-mt-1_44.dll
0x000007fefdda0000 - 0x000007fefde7b000 	C:\Windows\system32\ADVAPI32.dll
0x000007fefd890000 - 0x000007fefd92f000 	C:\Windows\system32\msvcrt.dll
0x000007fefe560000 - 0x000007fefe57f000 	C:\Windows\SYSTEM32\sechost.dll
0x000007feff310000 - 0x000007feff43d000 	C:\Windows\system32\RPCRT4.dll
0x000000007a010000 - 0x000000007a035000 	D:\program_soft\matlab2012a\bin\win64\LIBEXPAT.dll
0x0000000071020000 - 0x0000000071211000 	D:\program_soft\matlab2012a\bin\win64\icuin44.dll
0x0000000070ea0000 - 0x0000000071011000 	D:\program_soft\matlab2012a\bin\win64\icuuc44.dll
0x0000000010000000 - 0x0000000010e41000 	D:\program_soft\matlab2012a\bin\win64\icudt44.dll
0x0000000073f70000 - 0x00000000740ad000 	D:\program_soft\matlab2012a\bin\win64\libmwfl.dll
0x00000000044c0000 - 0x00000000047b6000 	D:\program_soft\matlab2012a\bin\win64\libmwMATLAB_res.dll
0x000000007a3b0000 - 0x000000007a3c0000 	D:\program_soft\matlab2012a\bin\win64\boost_date_time-vc90-mt-1_44.dll
0x000000007a250000 - 0x000000007a263000 	D:\program_soft\matlab2012a\bin\win64\boost_signals-vc90-mt-1_44.dll
0x000000007a2d0000 - 0x000000007a2e2000 	D:\program_soft\matlab2012a\bin\win64\boost_thread-vc90-mt-1_44.dll
0x0000000000190000 - 0x00000000001d6000 	D:\program_soft\matlab2012a\bin\win64\tbb.dll
0x000007fefe310000 - 0x000007fefe329000 	C:\Windows\system32\imagehlp.dll
0x00000000776e0000 - 0x00000000776e7000 	C:\Windows\system32\PSAPI.DLL
0x00000000749b0000 - 0x00000000749c3000 	D:\program_soft\matlab2012a\bin\win64\icuio44.dll
0x000007fef7630000 - 0x000007fef7755000 	C:\Windows\system32\dbghelp.dll
0x0000000077300000 - 0x00000000773fa000 	C:\Windows\system32\USER32.dll
0x000007fefe250000 - 0x000007fefe2b7000 	C:\Windows\system32\GDI32.dll
0x000007fefe240000 - 0x000007fefe24e000 	C:\Windows\system32\LPK.dll
0x000007feff760000 - 0x000007feff829000 	C:\Windows\system32\USP10.dll
0x000000007bed0000 - 0x000000007c183000 	D:\program_soft\matlab2012a\bin\win64\libmwservices.dll
0x0000000075a20000 - 0x0000000075ae2000 	D:\program_soft\matlab2012a\bin\win64\libmx.dll
0x000000007a210000 - 0x000000007a228000 	D:\program_soft\matlab2012a\bin\win64\zlib1.dll
0x0000000004230000 - 0x0000000004251000 	D:\program_soft\matlab2012a\bin\win64\libmwmfl_scalar.dll
0x0000000075f10000 - 0x0000000075f5d000 	D:\program_soft\matlab2012a\bin\win64\mpath.dll
0x000000007b680000 - 0x000000007bbe1000 	D:\program_soft\matlab2012a\bin\win64\mlutil.dll
0x0000000070e20000 - 0x0000000070e9f000 	D:\program_soft\matlab2012a\bin\win64\xmlcore.dll
0x000000007bc30000 - 0x000000007be83000 	D:\program_soft\matlab2012a\bin\win64\xerces-c_2_7.dll
0x000007fefe2c0000 - 0x000007fefe30d000 	C:\Windows\system32\WS2_32.dll
0x000007fefdfc0000 - 0x000007fefdfc8000 	C:\Windows\system32\NSI.dll
0x00000000042b0000 - 0x00000000042ca000 	D:\program_soft\matlab2012a\bin\win64\libmwMATLAB_settings_res.dll
0x00000000042e0000 - 0x0000000004327000 	D:\program_soft\matlab2012a\bin\win64\boost_serialization-vc90-mt-1_44.dll
0x000007fefe580000 - 0x000007feff309000 	C:\Windows\system32\SHELL32.dll
0x000007fefe050000 - 0x000007fefe0c1000 	C:\Windows\system32\SHLWAPI.dll
0x000007fef99b0000 - 0x000007fef9a50000 	C:\Windows\WinSxS\amd64_microsoft.windows.common-controls_6595b64144ccf1df_5.82.7601.18837_none_a4d981ff711297b6\COMCTL32.dll
0x000007fefdf20000 - 0x000007fefdfb7000 	C:\Windows\system32\COMDLG32.dll
0x000007fefa580000 - 0x000007fefa596000 	C:\Windows\system32\NETAPI32.dll
0x000007fefa570000 - 0x000007fefa57c000 	C:\Windows\system32\netutils.dll
0x000007fefcd80000 - 0x000007fefcda3000 	C:\Windows\system32\srvcli.dll
0x000007fefa550000 - 0x000007fefa565000 	C:\Windows\system32\wkscli.dll
0x000007feff550000 - 0x000007feff753000 	C:\Windows\system32\ole32.dll
0x000007fefe130000 - 0x000007fefe207000 	C:\Windows\system32\OLEAUT32.dll
0x00000000047c0000 - 0x0000000004956000 	D:\program_soft\matlab2012a\bin\win64\mcr.dll
0x0000000075000000 - 0x000000007536b000 	D:\program_soft\matlab2012a\bin\win64\iqm.dll
0x000000006c850000 - 0x000000006d071000 	D:\program_soft\matlab2012a\bin\win64\m_interpreter.dll
0x0000000074980000 - 0x00000000749a5000 	D:\program_soft\matlab2012a\bin\win64\libmex.dll
0x0000000070d60000 - 0x0000000070e13000 	D:\program_soft\matlab2012a\bin\win64\m_dispatcher.dll
0x0000000074880000 - 0x000000007496d000 	D:\program_soft\matlab2012a\bin\win64\boost_regex-vc90-mt-1_44.dll
0x0000000070cd0000 - 0x0000000070d54000 	D:\program_soft\matlab2012a\bin\win64\profiler.dll
0x0000000004960000 - 0x0000000004bb5000 	D:\program_soft\matlab2012a\bin\win64\libmwmathutil.dll
0x0000000079f40000 - 0x0000000079f6d000 	D:\program_soft\matlab2012a\bin\win64\libmwmathrng.dll
0x0000000074c10000 - 0x0000000074ced000 	D:\program_soft\matlab2012a\bin\win64\libmwmathcore.dll
0x0000000076160000 - 0x00000000761cb000 	D:\program_soft\matlab2012a\bin\win64\libmwspmatrix.dll
0x0000000075ea0000 - 0x0000000075f02000 	D:\program_soft\matlab2012a\bin\win64\libmwcholmod.dll
0x000000007a460000 - 0x000000007a46d000 	D:\program_soft\matlab2012a\bin\win64\libmwamd.dll
0x000000007a4b0000 - 0x000000007a4bc000 	D:\program_soft\matlab2012a\bin\win64\libmwcolamd.dll
0x0000000074170000 - 0x0000000074189000 	D:\program_soft\matlab2012a\bin\win64\libmwblas.dll
0x0000000073a90000 - 0x0000000073aa2000 	D:\program_soft\matlab2012a\bin\win64\libmwbinder.dll
0x0000000074970000 - 0x000000007497b000 	D:\program_soft\matlab2012a\bin\win64\libmwompwrapper.dll
0x0000000070c40000 - 0x0000000070cc6000 	D:\program_soft\matlab2012a\bin\win64\libmwlapack.dll
0x0000000073a60000 - 0x0000000073a81000 	D:\program_soft\matlab2012a\bin\win64\m_pcodeio.dll
0x0000000079b10000 - 0x0000000079b77000 	D:\program_soft\matlab2012a\bin\win64\m_ir.dll
0x0000000069630000 - 0x0000000069c80000 	D:\program_soft\matlab2012a\bin\win64\m_parser.dll
0x00000000739b0000 - 0x00000000739ca000 	D:\program_soft\matlab2012a\bin\win64\ir_xfmr.dll
0x00000000709c0000 - 0x0000000070c39000 	D:\program_soft\matlab2012a\bin\win64\mcos.dll
0x0000000073a50000 - 0x0000000073a5c000 	D:\program_soft\matlab2012a\bin\win64\mtok.dll
0x0000000070980000 - 0x00000000709b1000 	D:\program_soft\matlab2012a\bin\win64\m_pcodegen.dll
0x0000000079fb0000 - 0x0000000079fe7000 	D:\program_soft\matlab2012a\bin\win64\libmwbridge.dll
0x00000000708b0000 - 0x0000000070978000 	D:\program_soft\matlab2012a\bin\win64\udd.dll
0x0000000070580000 - 0x00000000706d2000 	D:\program_soft\matlab2012a\bin\win64\libmwgui.dll
0x0000000070820000 - 0x0000000070837000 	D:\program_soft\matlab2012a\bin\win64\graphics_util.dll
0x000000005fb50000 - 0x00000000604f3000 	D:\program_soft\matlab2012a\bin\win64\hg.dll
0x0000000004d20000 - 0x0000000004d87000 	D:\program_soft\matlab2012a\bin\win64\libmat.dll
0x0000000072d30000 - 0x0000000072f44000 	D:\program_soft\matlab2012a\bin\win64\hdf5dll.dll
0x0000000075710000 - 0x00000000757c1000 	D:\program_soft\matlab2012a\bin\win64\jmi.dll
0x0000000004dc0000 - 0x0000000004dce000 	D:\program_soft\matlab2012a\bin\win64\nativejava_services.dll
0x00000000707d0000 - 0x0000000070812000 	D:\program_soft\matlab2012a\bin\win64\libmwhardcopy.dll
0x0000000070520000 - 0x000000007057a000 	D:\program_soft\matlab2012a\bin\win64\libuij.dll
0x000000006d400000 - 0x000000006d60c000 	D:\program_soft\matlab2012a\bin\win64\hgdatatypes.dll
0x000000006d300000 - 0x000000006d3fd000 	D:\program_soft\matlab2012a\bin\win64\hgutils.dll
0x000000006d240000 - 0x000000006d2fd000 	D:\program_soft\matlab2012a\bin\win64\udd_mi.dll
0x0000000004e30000 - 0x0000000004e6b000 	D:\program_soft\matlab2012a\bin\win64\libmwgbtutils.dll
0x0000000004e80000 - 0x0000000004e99000 	D:\program_soft\matlab2012a\bin\win64\libmwgbt.dll
0x0000000004eb0000 - 0x000000000517a000 	D:\program_soft\matlab2012a\bin\win64\uiw.dll
0x00000000739a0000 - 0x00000000739af000 	D:\program_soft\matlab2012a\bin\win64\uinone.dll
0x000007fef92c0000 - 0x000007fef92d8000 	C:\Windows\system32\MPR.dll
0x000000006c360000 - 0x000000006c844000 	C:\Windows\WinSxS\amd64_microsoft.vc90.mfc_1fc8b3b9a1e18e3b_9.0.30729.5570_none_044bc1a7ab1db519\mfc90.dll
0x000007fef9e00000 - 0x000007fef9e07000 	C:\Windows\system32\MSIMG32.dll
0x000007fef9930000 - 0x000007fef99a1000 	C:\Windows\system32\WINSPOOL.DRV
0x00000000707b0000 - 0x00000000707d0000 	D:\program_soft\matlab2012a\bin\win64\mwoles05.DLL
0x000000006e230000 - 0x000000006e2ac000 	D:\program_soft\matlab2012a\bin\win64\comcli.dll
0x0000000071280000 - 0x00000000712af000 	C:\Windows\WinSxS\amd64_microsoft.vc90.atl_1fc8b3b9a1e18e3b_9.0.30729.5570_none_0a20e83fa767bc68\ATL90.DLL
0x0000000073980000 - 0x000000007398c000 	D:\program_soft\matlab2012a\bin\win64\mlautoregister.dll
0x00000000051d0000 - 0x00000000051e0000 	D:\program_soft\matlab2012a\bin\win64\boost_iostreams-vc90-mt-1_44.dll
0x000007fefe210000 - 0x000007fefe23e000 	C:\Windows\system32\IMM32.DLL
0x000007feff440000 - 0x000007feff549000 	C:\Windows\system32\MSCTF.dll
0x000007fefd2a0000 - 0x000007fefd2cf000 	C:\Windows\system32\nvinitx.dll
0x000000000f000000 - 0x000000000f006000 	C:\Program Files\NVIDIA Corporation\CoProcManager\detoured.dll
0x000007fef9dc0000 - 0x000007fef9df3000 	C:\Program Files\NVIDIA Corporation\CoProcManager\nvd3d9wrapx.dll
0x000007fefdbc0000 - 0x000007fefdd97000 	C:\Windows\system32\SETUPAPI.dll
0x000007fefd550000 - 0x000007fefd586000 	C:\Windows\system32\CFGMGR32.dll
0x000007fefd630000 - 0x000007fefd64a000 	C:\Windows\system32\DEVOBJ.dll
0x000007fef9d90000 - 0x000007fef9db3000 	C:\Program Files\NVIDIA Corporation\CoProcManager\nvdxgiwrapx.dll
0x000007fefba00000 - 0x000007fefba56000 	C:\Windows\system32\UxTheme.dll
0x000007fefb3f0000 - 0x000007fefb408000 	C:\Windows\system32\dwmapi.dll
0x00000000052b0000 - 0x00000000052d9000 	D:\program_soft\matlab2012a\bin\win64\tbbmalloc.dll
0x00000000055f0000 - 0x0000000005671000 	C:\Program Files (x86)\Kingsoft\kingsoft antivirus\kwsui64.dll
0x000007fefc400000 - 0x000007fefc40c000 	C:\Windows\system32\VERSION.dll
0x0000000078870000 - 0x0000000078ecd000 	D:\program_soft\matlab2012a\sys\java\jre\win64\jre\bin\server\jvm.dll
0x000007fefb570000 - 0x000007fefb5ab000 	C:\Windows\system32\WINMM.dll
0x000007fefd370000 - 0x000007fefd37f000 	C:\Windows\system32\profapi.dll
0x000007fefb210000 - 0x000007fefb237000 	C:\Windows\system32\iphlpapi.dll
0x000007fefb200000 - 0x000007fefb20b000 	C:\Windows\system32\WINNSI.DLL
0x000007fefc950000 - 0x000007fefc9ab000 	C:\Windows\system32\DNSAPI.dll
0x000007fefaeb0000 - 0x000007fefaec8000 	C:\Windows\system32\dhcpcsvc.DLL

VM Arguments:
jvm_args: -Xss512k -XX:PermSize=32m -Xms64m -XX:NewRatio=3 -XX:MaxPermSize=128m -Xmx196m -XX:MaxDirectMemorySize=2147400000 -Dsun.java2d.noddraw=true -Dsun.awt.nopixfmt=true -Xshare:off -Xrs -Dsun.awt.disableMixing=true -Djava.library.path=D:\program_soft\matlab2012a\bin\win64 vfprintf abort -Duser.language=en -Duser.country=US 
java_command: <unknown>
Launcher Type: generic

Environment Variables:
JAVA_HOME=D:\program_soft\android\jdk
CLASSPATH=.;D:\program_soft\android\jdk\lib\dt.jar;D:\program_soft\android\jdk\lib\tools.jar
USERNAME=Administrator
OS=Windows_NT
PROCESSOR_IDENTIFIER=Intel64 Family 6 Model 37 Stepping 5, GenuineIntel



---------------  S Y S T E M  ---------------

OS: Windows 7 Build 7601 Service Pack 1

CPU:total 4 (8 cores per cpu, 2 threads per core) family 6 model 37 stepping 5, cmov, cx8, fxsr, mmx, sse, sse2, sse3, ssse3, sse4.1, sse4.2, ht

Memory: 4k page, physical 6083036k(2254084k free), swap 6081196k(2077824k free)

vm_info: Java HotSpot(TM) 64-Bit Server VM (14.3-b01) for windows-amd64 JRE (1.6.0_17-b04), built on Oct 11 2009 00:46:08 by "java_re" with MS VC++ 8.0

time: Wed Jun 22 22:31:46 2016
elapsed time: 9003 seconds

